{
  "RSpec": {
    "coverage": {
      "/home/lilibeth/work/ramblinglabs/postmarkdown/lib/postmarkdown/version.rb": [
        1,
        1,
        null
      ],
      "/home/lilibeth/work/ramblinglabs/postmarkdown/lib/postmarkdown.rb": [
        1,
        1,
        1,
        1,
        1
      ],
      "/home/lilibeth/work/ramblinglabs/postmarkdown/lib/postmarkdown/engine.rb": [
        1,
        1,
        1,
        1,
        1,
        1,
        1,
        null,
        1,
        null,
        null
      ],
      "/home/lilibeth/work/ramblinglabs/postmarkdown/lib/postmarkdown/config.rb": [
        1,
        1,
        1,
        null,
        1,
        1,
        null,
        null,
        null,
        1,
        null,
        1,
        null,
        1,
        null,
        1,
        1,
        1,
        1,
        1,
        null,
        1
      ],
      "/home/lilibeth/work/ramblinglabs/postmarkdown/lib/postmarkdown/routes.rb": [
        1,
        1,
        null,
        1,
        11,
        null,
        11,
        11,
        11,
        null,
        11,
        null,
        null,
        1,
        null,
        1,
        11,
        11,
        null,
        null,
        1,
        11,
        null,
        null,
        1,
        0,
        0,
        null,
        null
      ],
      "/home/lilibeth/work/ramblinglabs/postmarkdown/lib/postmarkdown/util.rb": [
        1,
        1,
        1,
        3,
        null,
        null,
        1,
        0,
        0,
        null,
        null,
        null
      ],
      "/home/lilibeth/work/ramblinglabs/postmarkdown/lib/postmarkdown/railtie.rb": [
        1,
        1,
        1,
        1,
        0,
        0,
        null,
        null,
        null,
        null,
        1,
        null,
        null,
        1,
        null,
        1,
        1,
        null,
        null,
        null
      ],
      "/home/lilibeth/work/ramblinglabs/postmarkdown/spec/internal/config/environments/test.rb": [
        1,
        1,
        1,
        1,
        1,
        1,
        1,
        1,
        null
      ],
      "/home/lilibeth/work/ramblinglabs/postmarkdown/app/controllers/application_controller.rb": [
        1,
        null
      ],
      "/home/lilibeth/work/ramblinglabs/postmarkdown/app/controllers/posts_controller.rb": [
        1,
        21,
        null,
        1,
        4,
        null,
        null,
        1,
        4,
        4,
        4,
        4,
        4,
        null,
        null,
        1,
        null,
        1,
        7,
        null,
        1,
        null,
        1,
        23,
        null,
        null,
        1,
        null
      ],
      "/home/lilibeth/work/ramblinglabs/postmarkdown/app/models/post.rb": [
        1,
        1,
        1,
        1,
        null,
        1,
        1,
        null,
        1,
        null,
        1,
        125,
        125,
        null,
        null,
        1,
        3,
        null,
        null,
        1,
        139,
        null,
        139,
        null,
        0,
        null,
        0,
        null,
        0,
        null,
        null,
        null,
        1,
        0,
        null,
        null,
        1,
        139,
        null,
        null,
        1,
        0,
        null,
        null,
        1,
        329,
        329,
        null,
        null,
        1,
        52,
        52,
        null,
        null,
        1,
        57,
        null,
        null,
        1,
        61,
        null,
        null,
        1,
        48,
        null,
        null,
        1,
        755,
        null,
        null,
        1,
        null,
        1,
        179,
        null,
        null,
        1,
        null,
        1,
        100,
        null,
        null,
        1,
        0,
        null,
        null,
        1,
        47,
        null,
        null,
        1,
        1,
        null,
        null,
        1,
        null,
        1,
        43,
        18,
        null,
        25,
        25,
        61,
        25,
        null,
        null,
        null,
        1,
        1,
        3,
        null,
        null,
        1,
        29,
        null,
        100,
        29,
        null,
        null,
        1,
        16,
        16,
        16,
        48,
        null,
        16,
        118,
        null,
        null,
        null,
        1,
        4,
        null,
        null,
        1,
        0,
        null,
        null,
        1,
        1,
        null,
        null,
        1,
        12,
        null,
        null,
        1,
        8,
        null,
        null,
        1,
        19,
        null,
        null,
        null,
        1,
        null,
        1,
        381,
        381,
        197,
        197,
        null,
        381,
        null,
        null
      ],
      "/home/lilibeth/work/ramblinglabs/postmarkdown/spec/internal/config/routes.rb": [
        1,
        1,
        null
      ],
      "/home/lilibeth/work/ramblinglabs/postmarkdown/spec/internal/db/schema.rb": [
        1,
        null,
        null
      ],
      "/home/lilibeth/work/ramblinglabs/postmarkdown/spec/requests/assets_spec.rb": [
        1,
        null,
        1,
        1,
        null,
        1,
        1,
        1,
        null,
        null,
        1,
        1,
        1,
        1,
        null,
        null
      ],
      "/home/lilibeth/work/ramblinglabs/postmarkdown/spec/requests/views_spec.rb": [
        1,
        null,
        1,
        1,
        1,
        1,
        1,
        1,
        null,
        null,
        null,
        1,
        2,
        null,
        1,
        1,
        1,
        1,
        1,
        null,
        null,
        null,
        1,
        1,
        1,
        null,
        null,
        1,
        1,
        1,
        1,
        null,
        null,
        null
      ],
      "/home/lilibeth/work/ramblinglabs/postmarkdown/spec/models/posts_spec.rb": [
        1,
        null,
        1,
        1,
        25,
        null,
        null,
        1,
        2,
        null,
        null,
        1,
        2,
        1,
        2,
        null,
        null,
        null,
        1,
        11,
        2,
        2,
        2,
        2,
        2,
        2,
        2,
        2,
        2,
        2,
        null,
        null,
        1,
        5,
        2,
        2,
        2,
        2,
        null,
        null,
        1,
        3,
        2,
        2,
        null,
        null,
        1,
        3,
        2,
        2,
        null,
        null,
        1,
        3,
        2,
        2,
        null,
        null,
        1,
        1,
        2,
        null,
        null,
        1,
        2,
        null,
        null,
        1,
        2,
        null,
        null,
        null,
        1,
        1,
        1,
        1,
        null,
        null,
        1,
        3,
        1,
        null,
        null,
        null
      ],
      "/home/lilibeth/work/ramblinglabs/postmarkdown/spec/acceptance/posts_spec.rb": [
        1,
        null,
        1,
        1,
        19,
        19,
        null,
        null,
        20,
        null,
        1,
        4,
        null,
        1,
        null,
        1,
        1,
        1,
        1,
        null,
        null,
        1,
        1,
        1,
        null,
        null,
        1,
        1,
        1,
        null,
        null,
        1,
        1,
        1,
        null,
        null,
        1,
        null,
        1,
        1,
        null,
        null,
        1,
        1,
        null,
        null,
        null,
        1,
        1,
        1,
        1,
        null,
        1,
        1,
        null,
        null,
        null,
        1,
        2,
        null,
        1,
        1,
        1,
        1,
        1,
        null,
        null,
        null,
        1,
        3,
        null,
        1,
        1,
        1,
        1,
        null,
        null,
        1,
        1,
        null,
        null,
        null,
        1,
        3,
        null,
        1,
        1,
        null,
        null,
        1,
        1,
        1,
        1,
        null,
        null,
        null,
        1,
        4,
        null,
        1,
        1,
        1,
        1,
        null,
        null,
        1,
        1,
        null,
        null,
        1,
        1,
        null,
        null,
        1,
        1,
        null,
        null,
        null,
        1,
        5,
        null,
        1,
        1,
        null,
        null,
        1,
        1,
        1,
        null,
        null,
        null,
        1,
        1,
        null,
        null,
        1,
        1,
        null,
        1,
        1,
        1,
        1,
        1,
        null,
        null,
        null,
        1,
        1,
        1,
        1,
        null,
        null,
        null,
        null,
        1,
        1,
        1,
        1,
        null,
        null,
        1,
        1,
        1,
        1,
        null,
        null,
        null
      ]
    },
    "timestamp": 1337403863
  }
}
